  Determining projects to restore...
  All projects are up-to-date for restore.
  Spamma.Analyzers -> C:\Users\andre\Code\spamma\src\Spamma.Analyzers\bin\Debug\net9.0\Spamma.Analyzers.dll
  Spamma.Modules.Common.Client -> C:\Users\andre\Code\spamma\src\modules\Spamma.Modules.Common.Client\bin\Debug\net9.0\Spamma.Modules.Common.Client.dll
  Spamma.Modules.EmailInbox.Client -> C:\Users\andre\Code\spamma\src\modules\Spamma.Modules.EmailInbox.Client\bin\Debug\net9.0\Spamma.Modules.EmailInbox.Client.dll
  Spamma.Modules.DomainManagement.Client -> C:\Users\andre\Code\spamma\src\modules\Spamma.Modules.DomainManagement.Client\bin\Debug\net9.0\Spamma.Modules.DomainManagement.Client.dll
  Spamma.Modules.Common -> C:\Users\andre\Code\spamma\src\modules\Spamma.Modules.Common\bin\Debug\net9.0\Spamma.Modules.Common.dll
  Spamma.Modules.UserManagement.Client -> C:\Users\andre\Code\spamma\src\modules\Spamma.Modules.UserManagement.Client\bin\Debug\net9.0\Spamma.Modules.UserManagement.Client.dll
  Spamma.Modules.EmailInbox -> C:\Users\andre\Code\spamma\src\modules\Spamma.Modules.EmailInbox\bin\Debug\net9.0\Spamma.Modules.EmailInbox.dll
  Spamma.Modules.UserManagement -> C:\Users\andre\Code\spamma\src\modules\Spamma.Modules.UserManagement\bin\Debug\net9.0\Spamma.Modules.UserManagement.dll
  Spamma.Tests.Common -> C:\Users\andre\Code\spamma\tests\Spamma.Tests.Common\bin\Debug\net9.0\Spamma.Tests.Common.dll
C:\Users\andre\Code\spamma\tests\Spamma.Modules.EmailInbox.Tests\Application\AuthorizationRequirements\MustHaveAccessToAtLeastOneCampaignRequirementHandlerTests.cs(38,16): error xUnit1031: Test methods should not use blocking task operations, as they can cause deadlocks. Use an async test method and await instead. (https://xunit.net/xunit.analyzers/rules/xUnit1031) [C:\Users\andre\Code\spamma\tests\Spamma.Modules.EmailInbox.Tests\Spamma.Modules.EmailInbox.Tests.csproj]
C:\Users\andre\Code\spamma\tests\Spamma.Modules.EmailInbox.Tests\Application\AuthorizationRequirements\MustHaveAccessToAtLeastOneCampaignRequirementHandlerTests.cs(67,16): error xUnit1031: Test methods should not use blocking task operations, as they can cause deadlocks. Use an async test method and await instead. (https://xunit.net/xunit.analyzers/rules/xUnit1031) [C:\Users\andre\Code\spamma\tests\Spamma.Modules.EmailInbox.Tests\Spamma.Modules.EmailInbox.Tests.csproj]
C:\Users\andre\Code\spamma\tests\Spamma.Modules.EmailInbox.Tests\Application\AuthorizationRequirements\MustHaveAccessToAtLeastOneCampaignRequirementHandlerTests.cs(125,16): error xUnit1031: Test methods should not use blocking task operations, as they can cause deadlocks. Use an async test method and await instead. (https://xunit.net/xunit.analyzers/rules/xUnit1031) [C:\Users\andre\Code\spamma\tests\Spamma.Modules.EmailInbox.Tests\Spamma.Modules.EmailInbox.Tests.csproj]
C:\Users\andre\Code\spamma\tests\Spamma.Modules.EmailInbox.Tests\Application\AuthorizationRequirements\MustHaveAccessToAtLeastOneCampaignRequirementHandlerTests.cs(153,16): error xUnit1031: Test methods should not use blocking task operations, as they can cause deadlocks. Use an async test method and await instead. (https://xunit.net/xunit.analyzers/rules/xUnit1031) [C:\Users\andre\Code\spamma\tests\Spamma.Modules.EmailInbox.Tests\Spamma.Modules.EmailInbox.Tests.csproj]
C:\Users\andre\Code\spamma\tests\Spamma.Modules.EmailInbox.Tests\Application\AuthorizationRequirements\MustHaveAccessToAtLeastOneCampaignRequirementHandlerTests.cs(96,16): error xUnit1031: Test methods should not use blocking task operations, as they can cause deadlocks. Use an async test method and await instead. (https://xunit.net/xunit.analyzers/rules/xUnit1031) [C:\Users\andre\Code\spamma\tests\Spamma.Modules.EmailInbox.Tests\Spamma.Modules.EmailInbox.Tests.csproj]
C:\Users\andre\Code\spamma\tests\Spamma.Modules.EmailInbox.Tests\Application\AuthorizationRequirements\MustHaveAccessToAtLeastOneSubdomainToViewEmailsRequirementHandlerTests.cs(38,16): error xUnit1031: Test methods should not use blocking task operations, as they can cause deadlocks. Use an async test method and await instead. (https://xunit.net/xunit.analyzers/rules/xUnit1031) [C:\Users\andre\Code\spamma\tests\Spamma.Modules.EmailInbox.Tests\Spamma.Modules.EmailInbox.Tests.csproj]
C:\Users\andre\Code\spamma\tests\Spamma.Modules.EmailInbox.Tests\Application\AuthorizationRequirements\MustHaveAccessToAtLeastOneSubdomainToViewEmailsRequirementHandlerTests.cs(67,16): error xUnit1031: Test methods should not use blocking task operations, as they can cause deadlocks. Use an async test method and await instead. (https://xunit.net/xunit.analyzers/rules/xUnit1031) [C:\Users\andre\Code\spamma\tests\Spamma.Modules.EmailInbox.Tests\Spamma.Modules.EmailInbox.Tests.csproj]
C:\Users\andre\Code\spamma\tests\Spamma.Modules.EmailInbox.Tests\Application\AuthorizationRequirements\MustHaveAccessToAtLeastOneSubdomainToViewEmailsRequirementHandlerTests.cs(124,16): error xUnit1031: Test methods should not use blocking task operations, as they can cause deadlocks. Use an async test method and await instead. (https://xunit.net/xunit.analyzers/rules/xUnit1031) [C:\Users\andre\Code\spamma\tests\Spamma.Modules.EmailInbox.Tests\Spamma.Modules.EmailInbox.Tests.csproj]
C:\Users\andre\Code\spamma\tests\Spamma.Modules.EmailInbox.Tests\Application\AuthorizationRequirements\MustHaveAccessToAtLeastOneSubdomainToViewEmailsRequirementHandlerTests.cs(96,16): error xUnit1031: Test methods should not use blocking task operations, as they can cause deadlocks. Use an async test method and await instead. (https://xunit.net/xunit.analyzers/rules/xUnit1031) [C:\Users\andre\Code\spamma\tests\Spamma.Modules.EmailInbox.Tests\Spamma.Modules.EmailInbox.Tests.csproj]

Workload updates are available. Run `dotnet workload list` for more information.
